<?xml version="1.0" encoding="UTF-8"?>
<!-- Generated by org.testng.reporters.JUnitReportReporter -->
<testsuite hostname="IT301825" failures="0" tests="4" name="runner.TestRunner" time="50.232" errors="0" timestamp="2021-01-28T18:00:19 NZDT" skipped="0">
  <testcase classname="runner.TestRunner" name="runScenario" time="10.637"/>
  <testcase classname="runner.TestRunner" name="runScenario" time="12.768"/>
  <testcase classname="runner.TestRunner" name="runScenario" time="12.700"/>
  <testcase classname="runner.TestRunner" name="runScenario" time="14.127"/>
</testsuite> <!-- runner.TestRunner -->
